This file contains any messages produced by compilers while
running configure, to aid debugging if configure makes a mistake.

It was created by libenet configure 1.3.3, which was
generated by GNU Autoconf 2.68.  Invocation command line was

  $ ./configure --enable-shared=no --enable-static=yes

## --------- ##
## Platform. ##
## --------- ##

hostname = Ryan-Masts-MacBook-Pro-4.local
uname -m = i386
uname -r = 10.8.0
uname -s = Darwin
uname -v = Darwin Kernel Version 10.8.0: Tue Jun  7 16:33:36 PDT 2011; root:xnu-1504.15.3~1/RELEASE_I386

/usr/bin/uname -p = i386
/bin/uname -X     = unknown

/bin/arch              = unknown
/usr/bin/arch -k       = unknown
/usr/convex/getsysinfo = unknown
/usr/bin/hostinfo      = Mach kernel version:
	 Darwin Kernel Version 10.8.0: Tue Jun  7 16:33:36 PDT 2011; root:xnu-1504.15.3~1/RELEASE_I386
Kernel configured for up to 2 processors.
2 processors are physically available.
2 processors are logically available.
Processor type: i486 (Intel 80486)
Processors active: 0 1
Primary memory available: 4.00 gigabytes
Default processor set: 76 tasks, 330 threads, 2 processors
Load average: 0.11, Mach factor: 1.88
/bin/machine           = unknown
/usr/bin/oslevel       = unknown
/bin/universe          = unknown

PATH: /Users/ryanmast/Code/go/bin
PATH: /usr/local/arm/bin
PATH: /Developer/SDKs/flex_sdk_4/bin
PATH: /usr/local/bin
PATH: /usr/local/sbin
PATH: /usr/local/scala/scala-2.7.5.final/bin
PATH: /opt/local/bin
PATH: /opt/local/sbin
PATH: /usr/bin
PATH: /bin
PATH: /usr/sbin
PATH: /sbin
PATH: /usr/local/bin
PATH: /usr/local/git/bin
PATH: /usr/texbin
PATH: /usr/X11/bin


## ----------- ##
## Core tests. ##
## ----------- ##

configure:2246: checking for a BSD-compatible install
configure:2314: result: /usr/bin/install -c
configure:2325: checking whether build environment is sane
configure:2375: result: yes
configure:2516: checking for a thread-safe mkdir -p
configure:2555: result: ./install-sh -c -d
configure:2568: checking for gawk
configure:2584: found /usr/local/bin/gawk
configure:2595: result: gawk
configure:2606: checking whether make sets $(MAKE)
configure:2628: result: yes
configure:2709: checking whether to disable maintainer-specific portions of Makefiles
configure:2718: result: yes
configure:2782: checking for gcc
configure:2798: found /usr/bin/gcc
configure:2809: result: gcc
configure:3038: checking for C compiler version
configure:3047: gcc --version >&5
i686-apple-darwin10-gcc-4.2.1 (GCC) 4.2.1 (Apple Inc. build 5664)
Copyright (C) 2007 Free Software Foundation, Inc.
This is free software; see the source for copying conditions.  There is NO
warranty; not even for MERCHANTABILITY or FITNESS FOR A PARTICULAR PURPOSE.

configure:3058: $? = 0
configure:3047: gcc -v >&5
Using built-in specs.
Target: i686-apple-darwin10
Configured with: /var/tmp/gcc/gcc-5664~105/src/configure --disable-checking --enable-werror --prefix=/usr --mandir=/share/man --enable-languages=c,objc,c++,obj-c++ --program-transform-name=/^[cg][^.-]*$/s/$/-4.2/ --with-slibdir=/usr/lib --build=i686-apple-darwin10 --program-prefix=i686-apple-darwin10- --host=x86_64-apple-darwin10 --target=i686-apple-darwin10 --with-gxx-include-dir=/include/c++/4.2.1
Thread model: posix
gcc version 4.2.1 (Apple Inc. build 5664)
configure:3058: $? = 0
configure:3047: gcc -V >&5
gcc-4.2: argument to `-V' is missing
configure:3058: $? = 1
configure:3047: gcc -qversion >&5
i686-apple-darwin10-gcc-4.2.1: no input files
configure:3058: $? = 1
configure:3078: checking whether the C compiler works
configure:3100: gcc    conftest.c  >&5
configure:3104: $? = 0
configure:3152: result: yes
configure:3155: checking for C compiler default output file name
configure:3157: result: a.out
configure:3163: checking for suffix of executables
configure:3170: gcc -o conftest    conftest.c  >&5
configure:3174: $? = 0
configure:3196: result: 
configure:3218: checking whether we are cross compiling
configure:3226: gcc -o conftest    conftest.c  >&5
configure:3230: $? = 0
configure:3237: ./conftest
configure:3241: $? = 0
configure:3256: result: no
configure:3261: checking for suffix of object files
configure:3283: gcc -c   conftest.c >&5
configure:3287: $? = 0
configure:3308: result: o
configure:3312: checking whether we are using the GNU C compiler
configure:3331: gcc -c   conftest.c >&5
configure:3331: $? = 0
configure:3340: result: yes
configure:3349: checking whether gcc accepts -g
configure:3369: gcc -c -g  conftest.c >&5
configure:3369: $? = 0
configure:3410: result: yes
configure:3427: checking for gcc option to accept ISO C89
configure:3491: gcc  -c -g -O2  conftest.c >&5
configure:3491: $? = 0
configure:3504: result: none needed
configure:3535: checking for style of include used by make
configure:3563: result: GNU
configure:3588: checking dependency style of gcc
configure:3698: result: gcc3
configure:3742: checking build system type
configure:3756: result: x86_64-apple-darwin10.8.0
configure:3776: checking host system type
configure:3789: result: x86_64-apple-darwin10.8.0
configure:3830: checking how to print strings
configure:3857: result: printf
configure:3878: checking for a sed that does not truncate output
configure:3942: result: /usr/local/bin/sed
configure:3960: checking for grep that handles long lines and -e
configure:4018: result: /usr/bin/grep
configure:4023: checking for egrep
configure:4085: result: /usr/bin/grep -E
configure:4090: checking for fgrep
configure:4152: result: /usr/bin/grep -F
configure:4187: checking for ld used by gcc
configure:4254: result: /usr/libexec/gcc/i686-apple-darwin10/4.2.1/ld
configure:4261: checking if the linker (/usr/libexec/gcc/i686-apple-darwin10/4.2.1/ld) is GNU ld
configure:4276: result: no
configure:4288: checking for BSD- or MS-compatible name lister (nm)
configure:4337: result: /usr/bin/nm
configure:4467: checking the name lister (/usr/bin/nm) interface
configure:4474: gcc -c -g -O2  conftest.c >&5
configure:4477: /usr/bin/nm "conftest.o"
configure:4480: output
0000000000000190 D _some_variable
configure:4487: result: BSD nm
configure:4490: checking whether ln -s works
configure:4494: result: yes
configure:4502: checking the maximum length of command line arguments
configure:4632: result: 196608
configure:4649: checking whether the shell understands some XSI constructs
configure:4659: result: yes
configure:4663: checking whether the shell understands "+="
configure:4669: result: yes
configure:4704: checking how to convert x86_64-apple-darwin10.8.0 file names to x86_64-apple-darwin10.8.0 format
configure:4744: result: func_convert_file_noop
configure:4751: checking how to convert x86_64-apple-darwin10.8.0 file names to toolchain format
configure:4771: result: func_convert_file_noop
configure:4778: checking for /usr/libexec/gcc/i686-apple-darwin10/4.2.1/ld option to reload object files
configure:4785: result: -r
configure:4859: checking for objdump
configure:4889: result: no
configure:4918: checking how to recognize dependent libraries
configure:5120: result: pass_all
configure:5205: checking for dlltool
configure:5235: result: no
configure:5265: checking how to associate runtime and link libraries
configure:5292: result: printf %s\n
configure:5353: checking for ar
configure:5369: found /usr/bin/ar
configure:5380: result: ar
configure:5417: checking for archiver @FILE support
configure:5434: gcc -c -g -O2  conftest.c >&5
configure:5434: $? = 0
configure:5437: ar cru libconftest.a @conftest.lst >&5
ar: @conftest.lst: No such file or directory
configure:5440: $? = 1
configure:5460: result: no
configure:5518: checking for strip
configure:5534: found /usr/bin/strip
configure:5545: result: strip
configure:5617: checking for ranlib
configure:5633: found /usr/bin/ranlib
configure:5644: result: ranlib
configure:5746: checking command to parse /usr/bin/nm output from gcc object
configure:5866: gcc -c -g -O2  conftest.c >&5
configure:5869: $? = 0
configure:5873: /usr/bin/nm conftest.o \| sed -n -e 's/^.*[ ]\([BCDEGRST][BCDEGRST]*\)[ ][ ]*\([_A-Za-z][_A-Za-z0-9]*\)$/\1 \2 \2/p' | sed '/ __gnu_lto/d' \> conftest.nm
configure:5876: $? = 0
cannot find nm_test_var in conftest.nm
configure:5866: gcc -c -g -O2  conftest.c >&5
configure:5869: $? = 0
configure:5873: /usr/bin/nm conftest.o \| sed -n -e 's/^.*[ ]\([BCDEGRST][BCDEGRST]*\)[ ][ ]*_\([_A-Za-z][_A-Za-z0-9]*\)$/\1 _\2 \2/p' | sed '/ __gnu_lto/d' \> conftest.nm
configure:5876: $? = 0
configure:5942: gcc -o conftest -g -O2   conftest.c conftstm.o >&5
configure:5945: $? = 0
configure:5983: result: ok
configure:6020: checking for sysroot
configure:6050: result: no
configure:6306: checking for mt
configure:6336: result: no
configure:6356: checking if : is a manifest tool
configure:6362: : '-?'
configure:6370: result: no
configure:6426: checking for dsymutil
configure:6442: found /usr/bin/dsymutil
configure:6453: result: dsymutil
configure:6518: checking for nmedit
configure:6534: found /usr/bin/nmedit
configure:6545: result: nmedit
configure:6610: checking for lipo
configure:6626: found /usr/bin/lipo
configure:6637: result: lipo
configure:6702: checking for otool
configure:6718: found /usr/bin/otool
configure:6729: result: otool
configure:6794: checking for otool64
configure:6824: result: no
configure:6869: checking for -single_module linker flag
gcc -g -O2  -o libconftest.dylib -dynamiclib -Wl,-single_module conftest.c
configure:6902: result: yes
configure:6905: checking for -exported_symbols_list linker flag
configure:6925: gcc -o conftest -g -O2   -Wl,-exported_symbols_list,conftest.sym conftest.c  >&5
configure:6925: $? = 0
configure:6935: result: yes
configure:6938: checking for -force_load linker flag
gcc -g -O2 -c -o conftest.o conftest.c
ar cru libconftest.a conftest.o
ranlib libconftest.a
gcc -g -O2  -o conftest conftest.c -Wl,-force_load,./libconftest.a
configure:6970: result: yes
configure:7012: checking how to run the C preprocessor
configure:7043: gcc -E  conftest.c
configure:7043: $? = 0
configure:7057: gcc -E  conftest.c
conftest.c:11:28: error: ac_nonexistent.h: No such file or directory
configure:7057: $? = 1
configure: failed program was:
| /* confdefs.h */
| #define PACKAGE_NAME "libenet"
| #define PACKAGE_TARNAME "libenet"
| #define PACKAGE_VERSION "1.3.3"
| #define PACKAGE_STRING "libenet 1.3.3"
| #define PACKAGE_BUGREPORT ""
| #define PACKAGE_URL ""
| #define PACKAGE "libenet"
| #define VERSION "1.3.3"
| /* end confdefs.h.  */
| #include <ac_nonexistent.h>
configure:7082: result: gcc -E
configure:7102: gcc -E  conftest.c
configure:7102: $? = 0
configure:7116: gcc -E  conftest.c
conftest.c:11:28: error: ac_nonexistent.h: No such file or directory
configure:7116: $? = 1
configure: failed program was:
| /* confdefs.h */
| #define PACKAGE_NAME "libenet"
| #define PACKAGE_TARNAME "libenet"
| #define PACKAGE_VERSION "1.3.3"
| #define PACKAGE_STRING "libenet 1.3.3"
| #define PACKAGE_BUGREPORT ""
| #define PACKAGE_URL ""
| #define PACKAGE "libenet"
| #define VERSION "1.3.3"
| /* end confdefs.h.  */
| #include <ac_nonexistent.h>
configure:7145: checking for ANSI C header files
configure:7165: gcc -c -g -O2  conftest.c >&5
configure:7165: $? = 0
configure:7238: gcc -o conftest -g -O2   conftest.c  >&5
configure:7238: $? = 0
configure:7238: ./conftest
configure:7238: $? = 0
configure:7249: result: yes
configure:7262: checking for sys/types.h
configure:7262: gcc -c -g -O2  conftest.c >&5
configure:7262: $? = 0
configure:7262: result: yes
configure:7262: checking for sys/stat.h
configure:7262: gcc -c -g -O2  conftest.c >&5
configure:7262: $? = 0
configure:7262: result: yes
configure:7262: checking for stdlib.h
configure:7262: gcc -c -g -O2  conftest.c >&5
configure:7262: $? = 0
configure:7262: result: yes
configure:7262: checking for string.h
configure:7262: gcc -c -g -O2  conftest.c >&5
configure:7262: $? = 0
configure:7262: result: yes
configure:7262: checking for memory.h
configure:7262: gcc -c -g -O2  conftest.c >&5
configure:7262: $? = 0
configure:7262: result: yes
configure:7262: checking for strings.h
configure:7262: gcc -c -g -O2  conftest.c >&5
configure:7262: $? = 0
configure:7262: result: yes
configure:7262: checking for inttypes.h
configure:7262: gcc -c -g -O2  conftest.c >&5
configure:7262: $? = 0
configure:7262: result: yes
configure:7262: checking for stdint.h
configure:7262: gcc -c -g -O2  conftest.c >&5
configure:7262: $? = 0
configure:7262: result: yes
configure:7262: checking for unistd.h
configure:7262: gcc -c -g -O2  conftest.c >&5
configure:7262: $? = 0
configure:7262: result: yes
configure:7276: checking for dlfcn.h
configure:7276: gcc -c -g -O2  conftest.c >&5
configure:7276: $? = 0
configure:7276: result: yes
configure:7482: checking for objdir
configure:7497: result: .libs
configure:7768: checking if gcc supports -fno-rtti -fno-exceptions
configure:7786: gcc -c -g -O2  -fno-rtti -fno-exceptions conftest.c >&5
cc1: warning: command line option "-fno-rtti" is valid for C++/ObjC++ but not for C
configure:7790: $? = 0
configure:7803: result: no
configure:8130: checking for gcc option to produce PIC
configure:8137: result: -fno-common -DPIC
configure:8145: checking if gcc PIC flag -fno-common -DPIC works
configure:8163: gcc -c -g -O2  -fno-common -DPIC -DPIC conftest.c >&5
configure:8167: $? = 0
configure:8180: result: yes
configure:8209: checking if gcc static flag -static works
configure:8237: result: no
configure:8252: checking if gcc supports -c -o file.o
configure:8273: gcc -c -g -O2  -o out/conftest2.o conftest.c >&5
configure:8277: $? = 0
configure:8299: result: yes
configure:8307: checking if gcc supports -c -o file.o
configure:8354: result: yes
configure:8387: checking whether the gcc linker (/usr/libexec/gcc/i686-apple-darwin10/4.2.1/ld) supports shared libraries
configure:9544: result: yes
configure:9784: checking dynamic linker characteristics
configure:10529: result: darwin10.8.0 dyld
configure:10636: checking how to hardcode library paths into programs
configure:10661: result: immediate
configure:11201: checking whether stripping libraries is possible
configure:11215: result: yes
configure:11241: checking if libtool supports shared libraries
configure:11243: result: yes
configure:11246: checking whether to build shared libraries
configure:11267: result: no
configure:11270: checking whether to build static libraries
configure:11274: result: yes
configure:11312: checking for gethostbyaddr_r
configure:11312: gcc -o conftest -g -O2   conftest.c  >&5
Undefined symbols:
  "_gethostbyaddr_r", referenced from:
      _main in ccKVo2Zv.o
ld: symbol(s) not found
collect2: ld returned 1 exit status
configure:11312: $? = 1
configure: failed program was:
| /* confdefs.h */
| #define PACKAGE_NAME "libenet"
| #define PACKAGE_TARNAME "libenet"
| #define PACKAGE_VERSION "1.3.3"
| #define PACKAGE_STRING "libenet 1.3.3"
| #define PACKAGE_BUGREPORT ""
| #define PACKAGE_URL ""
| #define PACKAGE "libenet"
| #define VERSION "1.3.3"
| #define STDC_HEADERS 1
| #define HAVE_SYS_TYPES_H 1
| #define HAVE_SYS_STAT_H 1
| #define HAVE_STDLIB_H 1
| #define HAVE_STRING_H 1
| #define HAVE_MEMORY_H 1
| #define HAVE_STRINGS_H 1
| #define HAVE_INTTYPES_H 1
| #define HAVE_STDINT_H 1
| #define HAVE_UNISTD_H 1
| #define HAVE_DLFCN_H 1
| #define LT_OBJDIR ".libs/"
| /* end confdefs.h.  */
| /* Define gethostbyaddr_r to an innocuous variant, in case <limits.h> declares gethostbyaddr_r.
|    For example, HP-UX 11i <limits.h> declares gettimeofday.  */
| #define gethostbyaddr_r innocuous_gethostbyaddr_r
| 
| /* System header to define __stub macros and hopefully few prototypes,
|     which can conflict with char gethostbyaddr_r (); below.
|     Prefer <limits.h> to <assert.h> if __STDC__ is defined, since
|     <limits.h> exists even on freestanding compilers.  */
| 
| #ifdef __STDC__
| # include <limits.h>
| #else
| # include <assert.h>
| #endif
| 
| #undef gethostbyaddr_r
| 
| /* Override any GCC internal prototype to avoid an error.
|    Use char because int might match the return type of a GCC
|    builtin and then its argument prototype would still apply.  */
| #ifdef __cplusplus
| extern "C"
| #endif
| char gethostbyaddr_r ();
| /* The GNU C library defines this for functions which it implements
|     to always fail with ENOSYS.  Some functions are actually named
|     something starting with __ and the normal name is an alias.  */
| #if defined __stub_gethostbyaddr_r || defined __stub___gethostbyaddr_r
| choke me
| #endif
| 
| int
| main ()
| {
| return gethostbyaddr_r ();
|   ;
|   return 0;
| }
configure:11312: result: no
configure:11318: checking for gethostbyname_r
configure:11318: gcc -o conftest -g -O2   conftest.c  >&5
Undefined symbols:
  "_gethostbyname_r", referenced from:
      _main in ccOM4MI2.o
ld: symbol(s) not found
collect2: ld returned 1 exit status
configure:11318: $? = 1
configure: failed program was:
| /* confdefs.h */
| #define PACKAGE_NAME "libenet"
| #define PACKAGE_TARNAME "libenet"
| #define PACKAGE_VERSION "1.3.3"
| #define PACKAGE_STRING "libenet 1.3.3"
| #define PACKAGE_BUGREPORT ""
| #define PACKAGE_URL ""
| #define PACKAGE "libenet"
| #define VERSION "1.3.3"
| #define STDC_HEADERS 1
| #define HAVE_SYS_TYPES_H 1
| #define HAVE_SYS_STAT_H 1
| #define HAVE_STDLIB_H 1
| #define HAVE_STRING_H 1
| #define HAVE_MEMORY_H 1
| #define HAVE_STRINGS_H 1
| #define HAVE_INTTYPES_H 1
| #define HAVE_STDINT_H 1
| #define HAVE_UNISTD_H 1
| #define HAVE_DLFCN_H 1
| #define LT_OBJDIR ".libs/"
| /* end confdefs.h.  */
| /* Define gethostbyname_r to an innocuous variant, in case <limits.h> declares gethostbyname_r.
|    For example, HP-UX 11i <limits.h> declares gettimeofday.  */
| #define gethostbyname_r innocuous_gethostbyname_r
| 
| /* System header to define __stub macros and hopefully few prototypes,
|     which can conflict with char gethostbyname_r (); below.
|     Prefer <limits.h> to <assert.h> if __STDC__ is defined, since
|     <limits.h> exists even on freestanding compilers.  */
| 
| #ifdef __STDC__
| # include <limits.h>
| #else
| # include <assert.h>
| #endif
| 
| #undef gethostbyname_r
| 
| /* Override any GCC internal prototype to avoid an error.
|    Use char because int might match the return type of a GCC
|    builtin and then its argument prototype would still apply.  */
| #ifdef __cplusplus
| extern "C"
| #endif
| char gethostbyname_r ();
| /* The GNU C library defines this for functions which it implements
|     to always fail with ENOSYS.  Some functions are actually named
|     something starting with __ and the normal name is an alias.  */
| #if defined __stub_gethostbyname_r || defined __stub___gethostbyname_r
| choke me
| #endif
| 
| int
| main ()
| {
| return gethostbyname_r ();
|   ;
|   return 0;
| }
configure:11318: result: no
configure:11324: checking for poll
configure:11324: gcc -o conftest -g -O2   conftest.c  >&5
configure:11324: $? = 0
configure:11324: result: yes
configure:11330: checking for fcntl
configure:11330: gcc -o conftest -g -O2   conftest.c  >&5
configure:11330: $? = 0
configure:11330: result: yes
configure:11336: checking for inet_pton
configure:11336: gcc -o conftest -g -O2   conftest.c  >&5
configure:11336: $? = 0
configure:11336: result: yes
configure:11342: checking for inet_ntop
configure:11342: gcc -o conftest -g -O2   conftest.c  >&5
configure:11342: $? = 0
configure:11342: result: yes
configure:11349: checking for struct msghdr.msg_flags
configure:11349: gcc -c -g -O2  conftest.c >&5
configure:11349: $? = 0
configure:11349: result: yes
configure:11357: checking for socklen_t
configure:11357: gcc -c -g -O2  conftest.c >&5
configure:11357: $? = 0
configure:11357: gcc -c -g -O2  conftest.c >&5
conftest.c: In function 'main':
conftest.c:35: error: expected expression before ')' token
configure:11357: $? = 1
configure: failed program was:
| /* confdefs.h */
| #define PACKAGE_NAME "libenet"
| #define PACKAGE_TARNAME "libenet"
| #define PACKAGE_VERSION "1.3.3"
| #define PACKAGE_STRING "libenet 1.3.3"
| #define PACKAGE_BUGREPORT ""
| #define PACKAGE_URL ""
| #define PACKAGE "libenet"
| #define VERSION "1.3.3"
| #define STDC_HEADERS 1
| #define HAVE_SYS_TYPES_H 1
| #define HAVE_SYS_STAT_H 1
| #define HAVE_STDLIB_H 1
| #define HAVE_STRING_H 1
| #define HAVE_MEMORY_H 1
| #define HAVE_STRINGS_H 1
| #define HAVE_INTTYPES_H 1
| #define HAVE_STDINT_H 1
| #define HAVE_UNISTD_H 1
| #define HAVE_DLFCN_H 1
| #define LT_OBJDIR ".libs/"
| #define HAS_POLL 1
| #define HAS_FCNTL 1
| #define HAS_INET_PTON 1
| #define HAS_INET_NTOP 1
| #define HAS_MSGHDR_FLAGS 1
| /* end confdefs.h.  */
| #include <sys/types.h>
|               #include <sys/socket.h>
| 
| 
| int
| main ()
| {
| if (sizeof ((socklen_t)))
| 	    return 0;
|   ;
|   return 0;
| }
configure:11357: result: yes
conftest.c:29:20: error: socket.h: No such file or directory
configure:11564: creating ./config.status

## ---------------------- ##
## Running config.status. ##
## ---------------------- ##

This file was extended by libenet config.status 1.3.3, which was
generated by GNU Autoconf 2.68.  Invocation command line was

  CONFIG_FILES    = 
  CONFIG_HEADERS  = 
  CONFIG_LINKS    = 
  CONFIG_COMMANDS = 
  $ ./config.status 

on Ryan-Masts-MacBook-Pro-4.local

config.status:1011: creating Makefile
config.status:1011: creating libenet.pc
config.status:1183: executing depfiles commands
config.status:1183: executing libtool commands

## ---------------- ##
## Cache variables. ##
## ---------------- ##

ac_cv_build=x86_64-apple-darwin10.8.0
ac_cv_c_compiler_gnu=yes
ac_cv_env_CC_set=
ac_cv_env_CC_value=
ac_cv_env_CFLAGS_set=
ac_cv_env_CFLAGS_value=
ac_cv_env_CPPFLAGS_set=
ac_cv_env_CPPFLAGS_value=
ac_cv_env_CPP_set=
ac_cv_env_CPP_value=
ac_cv_env_LDFLAGS_set=
ac_cv_env_LDFLAGS_value=
ac_cv_env_LIBS_set=
ac_cv_env_LIBS_value=
ac_cv_env_build_alias_set=
ac_cv_env_build_alias_value=
ac_cv_env_host_alias_set=
ac_cv_env_host_alias_value=
ac_cv_env_target_alias_set=
ac_cv_env_target_alias_value=
ac_cv_func_fcntl=yes
ac_cv_func_gethostbyaddr_r=no
ac_cv_func_gethostbyname_r=no
ac_cv_func_inet_ntop=yes
ac_cv_func_inet_pton=yes
ac_cv_func_poll=yes
ac_cv_header_dlfcn_h=yes
ac_cv_header_inttypes_h=yes
ac_cv_header_memory_h=yes
ac_cv_header_stdc=yes
ac_cv_header_stdint_h=yes
ac_cv_header_stdlib_h=yes
ac_cv_header_string_h=yes
ac_cv_header_strings_h=yes
ac_cv_header_sys_stat_h=yes
ac_cv_header_sys_types_h=yes
ac_cv_header_unistd_h=yes
ac_cv_host=x86_64-apple-darwin10.8.0
ac_cv_member_struct_msghdr_msg_flags=yes
ac_cv_objext=o
ac_cv_path_EGREP='/usr/bin/grep -E'
ac_cv_path_FGREP='/usr/bin/grep -F'
ac_cv_path_GREP=/usr/bin/grep
ac_cv_path_SED=/usr/local/bin/sed
ac_cv_path_install='/usr/bin/install -c'
ac_cv_prog_AWK=gawk
ac_cv_prog_CPP='gcc -E'
ac_cv_prog_ac_ct_AR=ar
ac_cv_prog_ac_ct_CC=gcc
ac_cv_prog_ac_ct_DSYMUTIL=dsymutil
ac_cv_prog_ac_ct_LIPO=lipo
ac_cv_prog_ac_ct_NMEDIT=nmedit
ac_cv_prog_ac_ct_OTOOL=otool
ac_cv_prog_ac_ct_RANLIB=ranlib
ac_cv_prog_ac_ct_STRIP=strip
ac_cv_prog_cc_c89=
ac_cv_prog_cc_g=yes
ac_cv_prog_make_make_set=yes
ac_cv_type_socklen_t=yes
am_cv_CC_dependencies_compiler_type=gcc3
lt_cv_apple_cc_single_mod=yes
lt_cv_ar_at_file=no
lt_cv_deplibs_check_method=pass_all
lt_cv_file_magic_cmd='$MAGIC_CMD'
lt_cv_file_magic_test_file=
lt_cv_ld_exported_symbols_list=yes
lt_cv_ld_force_load=yes
lt_cv_ld_reload_flag=-r
lt_cv_nm_interface='BSD nm'
lt_cv_objdir=.libs
lt_cv_path_LD=/usr/libexec/gcc/i686-apple-darwin10/4.2.1/ld
lt_cv_path_NM=/usr/bin/nm
lt_cv_path_mainfest_tool=no
lt_cv_prog_compiler_c_o=yes
lt_cv_prog_compiler_pic='-fno-common -DPIC'
lt_cv_prog_compiler_pic_works=yes
lt_cv_prog_compiler_rtti_exceptions=no
lt_cv_prog_compiler_static_works=no
lt_cv_prog_gnu_ld=no
lt_cv_sharedlib_from_linklib_cmd='printf %s\n'
lt_cv_sys_global_symbol_pipe='sed -n -e '\''s/^.*[	 ]\([BCDEGRST][BCDEGRST]*\)[	 ][	 ]*_\([_A-Za-z][_A-Za-z0-9]*\)$/\1 _\2 \2/p'\'' | sed '\''/ __gnu_lto/d'\'''
lt_cv_sys_global_symbol_to_c_name_address='sed -n -e '\''s/^: \([^ ]*\)[ ]*$/  {\"\1\", (void *) 0},/p'\'' -e '\''s/^[BCDEGRST]* \([^ ]*\) \([^ ]*\)$/  {"\2", (void *) \&\2},/p'\'''
lt_cv_sys_global_symbol_to_c_name_address_lib_prefix='sed -n -e '\''s/^: \([^ ]*\)[ ]*$/  {\"\1\", (void *) 0},/p'\'' -e '\''s/^[BCDEGRST]* \([^ ]*\) \(lib[^ ]*\)$/  {"\2", (void *) \&\2},/p'\'' -e '\''s/^[BCDEGRST]* \([^ ]*\) \([^ ]*\)$/  {"lib\2", (void *) \&\2},/p'\'''
lt_cv_sys_global_symbol_to_cdecl='sed -n -e '\''s/^T .* \(.*\)$/extern int \1();/p'\'' -e '\''s/^[BCDEGRST]* .* \(.*\)$/extern char \1;/p'\'''
lt_cv_sys_max_cmd_len=196608
lt_cv_to_host_file_cmd=func_convert_file_noop
lt_cv_to_tool_file_cmd=func_convert_file_noop

## ----------------- ##
## Output variables. ##
## ----------------- ##

ACLOCAL='${SHELL} /Users/ryanmast/code/cse125sp12g4/HexSoft/src/enet/missing --run aclocal-1.11'
AMDEPBACKSLASH='\'
AMDEP_FALSE='#'
AMDEP_TRUE=''
AMTAR='${SHELL} /Users/ryanmast/code/cse125sp12g4/HexSoft/src/enet/missing --run tar'
AR='ar'
AUTOCONF='${SHELL} /Users/ryanmast/code/cse125sp12g4/HexSoft/src/enet/missing --run autoconf'
AUTOHEADER='${SHELL} /Users/ryanmast/code/cse125sp12g4/HexSoft/src/enet/missing --run autoheader'
AUTOMAKE='${SHELL} /Users/ryanmast/code/cse125sp12g4/HexSoft/src/enet/missing --run automake-1.11'
AWK='gawk'
CC='gcc'
CCDEPMODE='depmode=gcc3'
CFLAGS='-g -O2'
CPP='gcc -E'
CPPFLAGS=''
CYGPATH_W='echo'
DEFS='-DPACKAGE_NAME=\"libenet\" -DPACKAGE_TARNAME=\"libenet\" -DPACKAGE_VERSION=\"1.3.3\" -DPACKAGE_STRING=\"libenet\ 1.3.3\" -DPACKAGE_BUGREPORT=\"\" -DPACKAGE_URL=\"\" -DPACKAGE=\"libenet\" -DVERSION=\"1.3.3\" -DSTDC_HEADERS=1 -DHAVE_SYS_TYPES_H=1 -DHAVE_SYS_STAT_H=1 -DHAVE_STDLIB_H=1 -DHAVE_STRING_H=1 -DHAVE_MEMORY_H=1 -DHAVE_STRINGS_H=1 -DHAVE_INTTYPES_H=1 -DHAVE_STDINT_H=1 -DHAVE_UNISTD_H=1 -DHAVE_DLFCN_H=1 -DLT_OBJDIR=\".libs/\" -DHAS_POLL=1 -DHAS_FCNTL=1 -DHAS_INET_PTON=1 -DHAS_INET_NTOP=1 -DHAS_MSGHDR_FLAGS=1 -DHAS_SOCKLEN_T=1'
DEPDIR='.deps'
DLLTOOL='false'
DSYMUTIL='dsymutil'
DUMPBIN=''
ECHO_C='\c'
ECHO_N=''
ECHO_T=''
EGREP='/usr/bin/grep -E'
EXEEXT=''
FGREP='/usr/bin/grep -F'
GREP='/usr/bin/grep'
INSTALL_DATA='${INSTALL} -m 644'
INSTALL_PROGRAM='${INSTALL}'
INSTALL_SCRIPT='${INSTALL}'
INSTALL_STRIP_PROGRAM='$(install_sh) -c -s'
LD='/usr/libexec/gcc/i686-apple-darwin10/4.2.1/ld'
LDFLAGS=''
LIBOBJS=''
LIBS=''
LIBTOOL='$(SHELL) $(top_builddir)/libtool'
LIPO='lipo'
LN_S='ln -s'
LTLIBOBJS=''
MAINT=''
MAINTAINER_MODE_FALSE='#'
MAINTAINER_MODE_TRUE=''
MAKEINFO='${SHELL} /Users/ryanmast/code/cse125sp12g4/HexSoft/src/enet/missing --run makeinfo'
MANIFEST_TOOL=':'
MKDIR_P='./install-sh -c -d'
NM='/usr/bin/nm'
NMEDIT='nmedit'
OBJDUMP='false'
OBJEXT='o'
OTOOL64=':'
OTOOL='otool'
PACKAGE='libenet'
PACKAGE_BUGREPORT=''
PACKAGE_NAME='libenet'
PACKAGE_STRING='libenet 1.3.3'
PACKAGE_TARNAME='libenet'
PACKAGE_URL=''
PACKAGE_VERSION='1.3.3'
PATH_SEPARATOR=':'
RANLIB='ranlib'
SED='/usr/local/bin/sed'
SET_MAKE=''
SHELL='/bin/sh'
STRIP='strip'
VERSION='1.3.3'
ac_ct_AR='ar'
ac_ct_CC='gcc'
ac_ct_DUMPBIN=''
am__EXEEXT_FALSE=''
am__EXEEXT_TRUE='#'
am__fastdepCC_FALSE='#'
am__fastdepCC_TRUE=''
am__include='include'
am__isrc=''
am__leading_dot='.'
am__quote=''
am__tar='${AMTAR} chof - "$$tardir"'
am__untar='${AMTAR} xf -'
bindir='${exec_prefix}/bin'
build='x86_64-apple-darwin10.8.0'
build_alias=''
build_cpu='x86_64'
build_os='darwin10.8.0'
build_vendor='apple'
datadir='${datarootdir}'
datarootdir='${prefix}/share'
docdir='${datarootdir}/doc/${PACKAGE_TARNAME}'
dvidir='${docdir}'
exec_prefix='${prefix}'
host='x86_64-apple-darwin10.8.0'
host_alias=''
host_cpu='x86_64'
host_os='darwin10.8.0'
host_vendor='apple'
htmldir='${docdir}'
includedir='${prefix}/include'
infodir='${datarootdir}/info'
install_sh='${SHELL} /Users/ryanmast/code/cse125sp12g4/HexSoft/src/enet/install-sh'
libdir='${exec_prefix}/lib'
libexecdir='${exec_prefix}/libexec'
localedir='${datarootdir}/locale'
localstatedir='${prefix}/var'
mandir='${datarootdir}/man'
mkdir_p='$(top_builddir)/./install-sh -c -d'
oldincludedir='/usr/include'
pdfdir='${docdir}'
prefix='/usr/local'
program_transform_name='s,x,x,'
psdir='${docdir}'
sbindir='${exec_prefix}/sbin'
sharedstatedir='${prefix}/com'
sysconfdir='${prefix}/etc'
target_alias=''

## ----------- ##
## confdefs.h. ##
## ----------- ##

/* confdefs.h */
#define PACKAGE_NAME "libenet"
#define PACKAGE_TARNAME "libenet"
#define PACKAGE_VERSION "1.3.3"
#define PACKAGE_STRING "libenet 1.3.3"
#define PACKAGE_BUGREPORT ""
#define PACKAGE_URL ""
#define PACKAGE "libenet"
#define VERSION "1.3.3"
#define STDC_HEADERS 1
#define HAVE_SYS_TYPES_H 1
#define HAVE_SYS_STAT_H 1
#define HAVE_STDLIB_H 1
#define HAVE_STRING_H 1
#define HAVE_MEMORY_H 1
#define HAVE_STRINGS_H 1
#define HAVE_INTTYPES_H 1
#define HAVE_STDINT_H 1
#define HAVE_UNISTD_H 1
#define HAVE_DLFCN_H 1
#define LT_OBJDIR ".libs/"
#define HAS_POLL 1
#define HAS_FCNTL 1
#define HAS_INET_PTON 1
#define HAS_INET_NTOP 1
#define HAS_MSGHDR_FLAGS 1
#define HAS_SOCKLEN_T 1

configure: exit 0
